2016-01-27 16:27:36,589 [main] INFO  ClassPathXmlApplicationContext - Refreshing org.springframework.context.support.ClassPathXmlApplicationContext@19b6b59c: startup date [Wed Jan 27 16:27:36 CST 2016]; root of context hierarchy
2016-01-27 16:27:36,685 [main] INFO  XmlBeanDefinitionReader - Loading XML bean definitions from file [E:\workspace\Service.coresvc\server\target\classes\META-INF\spring\applicationContext.xml]
2016-01-27 16:27:37,108 [main] INFO  ClassPathBeanDefinitionScanner - JSR-250 'javax.annotation.ManagedBean' found and supported for component scanning
2016-01-27 16:27:37,248 [main] INFO  XmlBeanDefinitionReader - Loading XML bean definitions from file [E:\workspace\Service.coresvc\server\target\classes\META-INF\spring\dubbo-provider-beans.xml]
2016-01-27 16:27:37,576 [main] INFO  PropertyPlaceholderConfigurer - Loading properties file from URL [file:/E:/workspace/Service.coresvc/server/target/classes/config.properties]
2016-01-27 16:27:37,638 [main] INFO  DefaultListableBeanFactory - Pre-instantiating singletons in org.springframework.beans.factory.support.DefaultListableBeanFactory@439ddf4e: defining beans [org.springframework.aop.config.internalAutoProxyCreator,org.springframework.context.annotation.internalConfigurationAnnotationProcessor,org.springframework.context.annotation.internalAutowiredAnnotationProcessor,org.springframework.context.annotation.internalRequiredAnnotationProcessor,org.springframework.context.annotation.internalCommonAnnotationProcessor,demoApiImpl,cacheClientFactory,defaultDataSourceAspect,propertyConfigurer,configurationHolder,com.alibaba.dubbo.config.MonitorConfig,httpt,com.spark.cloud.coresvc.api.demo.DemoApi$Iface,org.springframework.context.annotation.ConfigurationClassPostProcessor.importAwareProcessor]; root of factory hierarchy
2016-01-27 16:27:37,700 [main] INFO  ConfigurationHolder - ===========从配置文件中加载属性开始============
2016-01-27 16:27:37,700 [main] INFO  ConfigurationHolder - 从配置中心加载配置刷新内存...
2016-01-27 16:27:37,700 [main] INFO  ConfigurationHolder - ===========从配置文件中加载属性结束============
2016-01-27 16:33:09,639 [main] INFO  ClassPathXmlApplicationContext - Refreshing org.springframework.context.support.ClassPathXmlApplicationContext@4ae121e: startup date [Wed Jan 27 16:33:09 CST 2016]; root of context hierarchy
2016-01-27 16:33:09,701 [main] INFO  XmlBeanDefinitionReader - Loading XML bean definitions from file [E:\workspace\Service.coresvc\server\target\classes\META-INF\spring\applicationContext.xml]
2016-01-27 16:33:10,060 [main] INFO  ClassPathBeanDefinitionScanner - JSR-250 'javax.annotation.ManagedBean' found and supported for component scanning
2016-01-27 16:33:10,185 [main] INFO  XmlBeanDefinitionReader - Loading XML bean definitions from file [E:\workspace\Service.coresvc\server\target\classes\META-INF\spring\dubbo-provider-beans.xml]
2016-01-27 16:33:10,528 [main] INFO  PropertyPlaceholderConfigurer - Loading properties file from URL [file:/E:/workspace/Service.coresvc/server/target/classes/config.properties]
2016-01-27 16:33:10,606 [main] INFO  DefaultListableBeanFactory - Pre-instantiating singletons in org.springframework.beans.factory.support.DefaultListableBeanFactory@76b41f9c: defining beans [org.springframework.aop.config.internalAutoProxyCreator,org.springframework.context.annotation.internalConfigurationAnnotationProcessor,org.springframework.context.annotation.internalAutowiredAnnotationProcessor,org.springframework.context.annotation.internalRequiredAnnotationProcessor,org.springframework.context.annotation.internalCommonAnnotationProcessor,demoApiImpl,cacheClientFactory,defaultDataSourceAspect,propertyConfigurer,configurationHolder,com.alibaba.dubbo.config.MonitorConfig,httpt,com.spark.cloud.coresvc.api.demo.DemoApi$Iface,org.springframework.context.annotation.ConfigurationClassPostProcessor.importAwareProcessor]; root of factory hierarchy
2016-01-27 16:33:10,653 [main] INFO  ConfigurationHolder - ===========从配置文件中加载属性开始============
2016-01-27 16:33:10,653 [main] INFO  ConfigurationHolder - 从配置中心加载配置刷新内存...
2016-01-27 16:33:10,669 [main] INFO  ConfigurationHolder - ===========从配置文件中加载属性结束============
2016-01-27 16:34:32,665 [main] INFO  ClassPathXmlApplicationContext - Refreshing org.springframework.context.support.ClassPathXmlApplicationContext@2a4d21f4: startup date [Wed Jan 27 16:34:32 CST 2016]; root of context hierarchy
2016-01-27 16:34:32,727 [main] INFO  XmlBeanDefinitionReader - Loading XML bean definitions from file [E:\workspace\Service.coresvc\server\target\classes\META-INF\spring\applicationContext.xml]
2016-01-27 16:34:33,110 [main] INFO  ClassPathBeanDefinitionScanner - JSR-250 'javax.annotation.ManagedBean' found and supported for component scanning
2016-01-27 16:34:33,237 [main] INFO  XmlBeanDefinitionReader - Loading XML bean definitions from file [E:\workspace\Service.coresvc\server\target\classes\META-INF\spring\dubbo-provider-beans.xml]
2016-01-27 16:34:33,569 [main] INFO  PropertyPlaceholderConfigurer - Loading properties file from URL [file:/E:/workspace/Service.coresvc/server/target/classes/config.properties]
2016-01-27 16:34:33,627 [main] INFO  DefaultListableBeanFactory - Pre-instantiating singletons in org.springframework.beans.factory.support.DefaultListableBeanFactory@31af9c90: defining beans [org.springframework.aop.config.internalAutoProxyCreator,org.springframework.context.annotation.internalConfigurationAnnotationProcessor,org.springframework.context.annotation.internalAutowiredAnnotationProcessor,org.springframework.context.annotation.internalRequiredAnnotationProcessor,org.springframework.context.annotation.internalCommonAnnotationProcessor,demoApiImpl,cacheClientFactory,defaultDataSourceAspect,propertyConfigurer,configurationHolder,com.alibaba.dubbo.config.MonitorConfig,httpt,com.spark.cloud.coresvc.api.demo.DemoApi$Iface,org.springframework.context.annotation.ConfigurationClassPostProcessor.importAwareProcessor]; root of factory hierarchy
2016-01-27 16:34:33,662 [main] INFO  ConfigurationHolder - ===========从配置文件中加载属性开始============
2016-01-27 16:34:33,662 [main] INFO  ConfigurationHolder - 从配置中心加载配置刷新内存...
2016-01-27 16:34:33,662 [main] INFO  ConfigurationHolder - ===========从配置文件中加载属性结束============
2016-01-27 16:36:10,742 [main] INFO  ClassPathXmlApplicationContext - Refreshing org.springframework.context.support.ClassPathXmlApplicationContext@2a4d21f4: startup date [Wed Jan 27 16:36:10 CST 2016]; root of context hierarchy
2016-01-27 16:36:10,789 [main] INFO  XmlBeanDefinitionReader - Loading XML bean definitions from file [E:\workspace\Service.coresvc\server\target\classes\META-INF\spring\applicationContext.xml]
2016-01-27 16:36:11,069 [main] INFO  ClassPathBeanDefinitionScanner - JSR-250 'javax.annotation.ManagedBean' found and supported for component scanning
2016-01-27 16:36:11,194 [main] INFO  XmlBeanDefinitionReader - Loading XML bean definitions from file [E:\workspace\Service.coresvc\server\target\classes\META-INF\spring\dubbo-provider-beans.xml]
2016-01-27 16:36:11,459 [main] INFO  PropertyPlaceholderConfigurer - Loading properties file from URL [file:/E:/workspace/Service.coresvc/server/target/classes/config.properties]
2016-01-27 16:36:11,522 [main] INFO  DefaultListableBeanFactory - Pre-instantiating singletons in org.springframework.beans.factory.support.DefaultListableBeanFactory@31af9c90: defining beans [org.springframework.aop.config.internalAutoProxyCreator,org.springframework.context.annotation.internalConfigurationAnnotationProcessor,org.springframework.context.annotation.internalAutowiredAnnotationProcessor,org.springframework.context.annotation.internalRequiredAnnotationProcessor,org.springframework.context.annotation.internalCommonAnnotationProcessor,demoApiImpl,cacheClientFactory,defaultDataSourceAspect,propertyConfigurer,configurationHolder,com.alibaba.dubbo.config.MonitorConfig,httpt,com.spark.cloud.coresvc.api.demo.DemoApi$Iface,org.springframework.context.annotation.ConfigurationClassPostProcessor.importAwareProcessor]; root of factory hierarchy
2016-01-27 16:36:11,584 [main] INFO  ConfigurationHolder - ===========从配置文件中加载属性开始============
2016-01-27 16:36:11,584 [main] INFO  ConfigurationHolder - 从配置中心加载配置刷新内存...
2016-01-27 16:36:11,584 [main] INFO  ConfigurationHolder - ===========从配置文件中加载属性结束============
2016-01-27 16:39:51,548 [main] INFO  ClassPathXmlApplicationContext - Refreshing org.springframework.context.support.ClassPathXmlApplicationContext@73d6af61: startup date [Wed Jan 27 16:39:51 CST 2016]; root of context hierarchy
2016-01-27 16:39:51,610 [main] INFO  XmlBeanDefinitionReader - Loading XML bean definitions from file [E:\workspace\Service.coresvc\server\target\classes\META-INF\spring\applicationContext.xml]
2016-01-27 16:39:51,922 [main] INFO  ClassPathBeanDefinitionScanner - JSR-250 'javax.annotation.ManagedBean' found and supported for component scanning
2016-01-27 16:39:52,087 [main] INFO  XmlBeanDefinitionReader - Loading XML bean definitions from file [E:\workspace\Service.coresvc\server\target\classes\META-INF\spring\dubbo-provider-beans.xml]
2016-01-27 16:39:52,384 [main] INFO  PropertyPlaceholderConfigurer - Loading properties file from URL [file:/E:/workspace/Service.coresvc/server/target/classes/config.properties]
2016-01-27 16:39:52,447 [main] INFO  DefaultListableBeanFactory - Pre-instantiating singletons in org.springframework.beans.factory.support.DefaultListableBeanFactory@76b41f9c: defining beans [org.springframework.aop.config.internalAutoProxyCreator,org.springframework.context.annotation.internalConfigurationAnnotationProcessor,org.springframework.context.annotation.internalAutowiredAnnotationProcessor,org.springframework.context.annotation.internalRequiredAnnotationProcessor,org.springframework.context.annotation.internalCommonAnnotationProcessor,demoApiImpl,cacheClientFactory,defaultDataSourceAspect,propertyConfigurer,configurationHolder,com.alibaba.dubbo.config.MonitorConfig,httpt,com.spark.cloud.coresvc.api.demo.DemoApi$Iface,org.springframework.context.annotation.ConfigurationClassPostProcessor.importAwareProcessor]; root of factory hierarchy
2016-01-27 16:39:52,494 [main] INFO  ConfigurationHolder - ===========从配置文件中加载属性开始============
2016-01-27 16:39:52,494 [main] INFO  ConfigurationHolder - 从配置中心加载配置刷新内存...
2016-01-27 16:39:52,494 [main] INFO  ConfigurationHolder - ===========从配置文件中加载属性结束============
